# JRE version: Java(TM) SE Runtime Environment (8.0_161-b12) (build 1.8.0_161-b12)
# Java VM: Java HotSpot(TM) 64-Bit Server VM (25.161-b12 mixed mode bsd-amd64 compressed oops)
Heap:
 PSYoungGen      total 567808K, used 15621K [0x000000066ab00000, 0x0000000690000000, 0x00000007c0000000)
  eden space 524288K, 2% used [0x000000066ab00000,0x000000066ba415d8,0x000000068ab00000)
  from space 43520K, 0% used [0x000000068d580000,0x000000068d580000,0x0000000690000000)
  to   space 43520K, 0% used [0x000000068ab00000,0x000000068ab00000,0x000000068d580000)
 ParOldGen       total 411136K, used 19576K [0x00000003c0000000, 0x00000003d9180000, 0x000000066ab00000)
  object space 411136K, 4% used [0x00000003c0000000,0x00000003c131e0d0,0x00000003d9180000)
 Metaspace       used 21259K, capacity 21694K, committed 21808K, reserved 1069056K
  class space    used 2567K, capacity 2687K, committed 2688K, reserved 1048576K
GC Heap History (6 events):
Event: 1.871 GC heap before
{Heap before GC invocations=1 (full 0):
 PSYoungGen      total 305664K, used 262144K [0x000000066ab00000, 0x0000000680000000, 0x00000007c0000000)
  eden space 262144K, 100% used [0x000000066ab00000,0x000000067ab00000,0x000000067ab00000)
  from space 43520K, 0% used [0x000000067d580000,0x000000067d580000,0x0000000680000000)
  to   space 43520K, 0% used [0x000000067ab00000,0x000000067ab00000,0x000000067d580000)
 ParOldGen       total 699392K, used 0K [0x00000003c0000000, 0x00000003eab00000, 0x000000066ab00000)
  object space 699392K, 0% used [0x00000003c0000000,0x00000003c0000000,0x00000003eab00000)
 Metaspace       used 17051K, capacity 17402K, committed 17536K, reserved 1064960K
  class space    used 2019K, capacity 2127K, committed 2176K, reserved 1048576K
Event: 1.891 GC heap after
Heap after GC invocations=1 (full 0):
 PSYoungGen      total 305664K, used 27626K [0x000000066ab00000, 0x0000000690000000, 0x00000007c0000000)
  eden space 262144K, 0% used [0x000000066ab00000,0x000000066ab00000,0x000000067ab00000)
  from space 43520K, 63% used [0x000000067ab00000,0x000000067c5fab80,0x000000067d580000)
  to   space 43520K, 0% used [0x000000068d580000,0x000000068d580000,0x0000000690000000)
 ParOldGen       total 699392K, used 24K [0x00000003c0000000, 0x00000003eab00000, 0x000000066ab00000)
  object space 699392K, 0% used [0x00000003c0000000,0x00000003c0006000,0x00000003eab00000)
 Metaspace       used 17051K, capacity 17402K, committed 17536K, reserved 1064960K
  class space    used 2019K, capacity 2127K, committed 2176K, reserved 1048576K
}
Event: 2.152 GC heap before
{Heap before GC invocations=2 (full 0):
 PSYoungGen      total 305664K, used 66574K [0x000000066ab00000, 0x0000000690000000, 0x00000007c0000000)
  eden space 262144K, 14% used [0x000000066ab00000,0x000000066d108c98,0x000000067ab00000)
  from space 43520K, 63% used [0x000000067ab00000,0x000000067c5fab80,0x000000067d580000)
  to   space 43520K, 0% used [0x000000068d580000,0x000000068d580000,0x0000000690000000)
 ParOldGen       total 699392K, used 24K [0x00000003c0000000, 0x00000003eab00000, 0x000000066ab00000)
  object space 699392K, 0% used [0x00000003c0000000,0x00000003c0006000,0x00000003eab00000)
 Metaspace       used 20774K, capacity 21182K, committed 21296K, reserved 1069056K
  class space    used 2504K, capacity 2623K, committed 2688K, reserved 1048576K
Event: 2.165 GC heap after
Heap after GC invocations=2 (full 0):
 PSYoungGen      total 567808K, used 19721K [0x000000066ab00000, 0x0000000690000000, 0x00000007c0000000)
  eden space 524288K, 0% used [0x000000066ab00000,0x000000066ab00000,0x000000068ab00000)
  from space 43520K, 45% used [0x000000068d580000,0x000000068e8c26c8,0x0000000690000000)
  to   space 43520K, 0% used [0x000000068ab00000,0x000000068ab00000,0x000000068d580000)
 ParOldGen       total 699392K, used 32K [0x00000003c0000000, 0x00000003eab00000, 0x000000066ab00000)
  object space 699392K, 0% used [0x00000003c0000000,0x00000003c0008000,0x00000003eab00000)
 Metaspace       used 20774K, capacity 21182K, committed 21296K, reserved 1069056K
  class space    used 2504K, capacity 2623K, committed 2688K, reserved 1048576K
}
Event: 2.165 GC heap before
{Heap before GC invocations=3 (full 1):
 PSYoungGen      total 567808K, used 19721K [0x000000066ab00000, 0x0000000690000000, 0x00000007c0000000)
  eden space 524288K, 0% used [0x000000066ab00000,0x000000066ab00000,0x000000068ab00000)
  from space 43520K, 45% used [0x000000068d580000,0x000000068e8c26c8,0x0000000690000000)
  to   space 43520K, 0% used [0x000000068ab00000,0x000000068ab00000,0x000000068d580000)
 ParOldGen       total 699392K, used 32K [0x00000003c0000000, 0x00000003eab00000, 0x000000066ab00000)
  object space 699392K, 0% used [0x00000003c0000000,0x00000003c0008000,0x00000003eab00000)
 Metaspace       used 20774K, capacity 21182K, committed 21296K, reserved 1069056K
  class space    used 2504K, capacity 2623K, committed 2688K, reserved 1048576K
Event: 2.218 GC heap after
Heap after GC invocations=3 (full 1):
 PSYoungGen      total 567808K, used 0K [0x000000066ab00000, 0x0000000690000000, 0x00000007c0000000)
  eden space 524288K, 0% used [0x000000066ab00000,0x000000066ab00000,0x000000068ab00000)
  from space 43520K, 0% used [0x000000068d580000,0x000000068d580000,0x0000000690000000)
  to   space 43520K, 0% used [0x000000068ab00000,0x000000068ab00000,0x000000068d580000)
 ParOldGen       total 411136K, used 19576K [0x00000003c0000000, 0x00000003d9180000, 0x000000066ab00000)
  object space 411136K, 4% used [0x00000003c0000000,0x00000003c131e0d0,0x00000003d9180000)
 Metaspace       used 20774K, capacity 21182K, committed 21296K, reserved 1069056K
  class space    used 2504K, capacity 2623K, committed 2688K, reserved 1048576K
}

