# JRE version: Java(TM) SE Runtime Environment (8.0_161-b12) (build 1.8.0_161-b12)
# Java VM: Java HotSpot(TM) 64-Bit Server VM (25.161-b12 mixed mode bsd-amd64 compressed oops)
Heap:
 PSYoungGen      total 305664K, used 132041K [0x000000066ab00000, 0x0000000690000000, 0x00000007c0000000)
  eden space 262144K, 50% used [0x000000066ab00000,0x0000000672bf26a0,0x000000067ab00000)
  from space 43520K, 0% used [0x000000067d580000,0x000000067d580000,0x0000000680000000)
  to   space 43520K, 0% used [0x000000067ab00000,0x000000067ab00000,0x000000067d580000)
 ParOldGen       total 437248K, used 24674K [0x00000003c0000000, 0x00000003dab00000, 0x000000066ab00000)
  object space 437248K, 5% used [0x00000003c0000000,0x00000003c1818a98,0x00000003dab00000)
 Metaspace       used 31334K, capacity 31948K, committed 32256K, reserved 1077248K
  class space    used 3855K, capacity 4007K, committed 4096K, reserved 1048576K
GC Heap History (6 events):
Event: 2.458 GC heap before
{Heap before GC invocations=1 (full 0):
 PSYoungGen      total 305664K, used 262144K [0x000000066ab00000, 0x0000000680000000, 0x00000007c0000000)
  eden space 262144K, 100% used [0x000000066ab00000,0x000000067ab00000,0x000000067ab00000)
  from space 43520K, 0% used [0x000000067d580000,0x000000067d580000,0x0000000680000000)
  to   space 43520K, 0% used [0x000000067ab00000,0x000000067ab00000,0x000000067d580000)
 ParOldGen       total 699392K, used 0K [0x00000003c0000000, 0x00000003eab00000, 0x000000066ab00000)
  object space 699392K, 0% used [0x00000003c0000000,0x00000003c0000000,0x00000003eab00000)
 Metaspace       used 16747K, capacity 17078K, committed 17280K, reserved 1064960K
  class space    used 1974K, capacity 2085K, committed 2176K, reserved 1048576K
Event: 2.482 GC heap after
Heap after GC invocations=1 (full 0):
 PSYoungGen      total 305664K, used 27746K [0x000000066ab00000, 0x0000000680000000, 0x00000007c0000000)
  eden space 262144K, 0% used [0x000000066ab00000,0x000000066ab00000,0x000000067ab00000)
  from space 43520K, 63% used [0x000000067ab00000,0x000000067c618948,0x000000067d580000)
  to   space 43520K, 0% used [0x000000067d580000,0x000000067d580000,0x0000000680000000)
 ParOldGen       total 699392K, used 24K [0x00000003c0000000, 0x00000003eab00000, 0x000000066ab00000)
  object space 699392K, 0% used [0x00000003c0000000,0x00000003c0006000,0x00000003eab00000)
 Metaspace       used 16747K, capacity 17078K, committed 17280K, reserved 1064960K
  class space    used 1974K, capacity 2085K, committed 2176K, reserved 1048576K
}
Event: 3.207 GC heap before
{Heap before GC invocations=2 (full 0):
 PSYoungGen      total 305664K, used 124044K [0x000000066ab00000, 0x0000000680000000, 0x00000007c0000000)
  eden space 262144K, 36% used [0x000000066ab00000,0x000000067090a988,0x000000067ab00000)
  from space 43520K, 63% used [0x000000067ab00000,0x000000067c618948,0x000000067d580000)
  to   space 43520K, 0% used [0x000000067d580000,0x000000067d580000,0x0000000680000000)
 ParOldGen       total 699392K, used 24K [0x00000003c0000000, 0x00000003eab00000, 0x000000066ab00000)
  object space 699392K, 0% used [0x00000003c0000000,0x00000003c0006000,0x00000003eab00000)
 Metaspace       used 20556K, capacity 21082K, committed 21296K, reserved 1069056K
  class space    used 2481K, capacity 2633K, committed 2688K, reserved 1048576K
Event: 3.226 GC heap after
Heap after GC invocations=2 (full 0):
 PSYoungGen      total 305664K, used 24979K [0x000000066ab00000, 0x0000000690000000, 0x00000007c0000000)
  eden space 262144K, 0% used [0x000000066ab00000,0x000000066ab00000,0x000000067ab00000)
  from space 43520K, 57% used [0x000000067d580000,0x000000067ede4ed8,0x0000000680000000)
  to   space 43520K, 0% used [0x000000067ab00000,0x000000067ab00000,0x000000067d580000)
 ParOldGen       total 699392K, used 32K [0x00000003c0000000, 0x00000003eab00000, 0x000000066ab00000)
  object space 699392K, 0% used [0x00000003c0000000,0x00000003c0008000,0x00000003eab00000)
 Metaspace       used 20556K, capacity 21082K, committed 21296K, reserved 1069056K
  class space    used 2481K, capacity 2633K, committed 2688K, reserved 1048576K
}
Event: 3.226 GC heap before
{Heap before GC invocations=3 (full 1):
 PSYoungGen      total 305664K, used 24979K [0x000000066ab00000, 0x0000000690000000, 0x00000007c0000000)
  eden space 262144K, 0% used [0x000000066ab00000,0x000000066ab00000,0x000000067ab00000)
  from space 43520K, 57% used [0x000000067d580000,0x000000067ede4ed8,0x0000000680000000)
  to   space 43520K, 0% used [0x000000067ab00000,0x000000067ab00000,0x000000067d580000)
 ParOldGen       total 699392K, used 32K [0x00000003c0000000, 0x00000003eab00000, 0x000000066ab00000)
  object space 699392K, 0% used [0x00000003c0000000,0x00000003c0008000,0x00000003eab00000)
 Metaspace       used 20556K, capacity 21082K, committed 21296K, reserved 1069056K
  class space    used 2481K, capacity 2633K, committed 2688K, reserved 1048576K
Event: 3.295 GC heap after
Heap after GC invocations=3 (full 1):
 PSYoungGen      total 305664K, used 0K [0x000000066ab00000, 0x0000000690000000, 0x00000007c0000000)
  eden space 262144K, 0% used [0x000000066ab00000,0x000000066ab00000,0x000000067ab00000)
  from space 43520K, 0% used [0x000000067d580000,0x000000067d580000,0x0000000680000000)
  to   space 43520K, 0% used [0x000000067ab00000,0x000000067ab00000,0x000000067d580000)
 ParOldGen       total 437248K, used 24674K [0x00000003c0000000, 0x00000003dab00000, 0x000000066ab00000)
  object space 437248K, 5% used [0x00000003c0000000,0x00000003c1818a98,0x00000003dab00000)
 Metaspace       used 20556K, capacity 21082K, committed 21296K, reserved 1069056K
  class space    used 2481K, capacity 2633K, committed 2688K, reserved 1048576K
}

